This is pdfTeX, Version 3.141592653-2.6-1.40.26 (MiKTeX 24.4) (preloaded format=pdflatex 2024.10.9)  26 JAN 2025 13:01
entering extended mode
 restricted \write18 enabled.
 %&-line parsing enabled.
**./main.tex
(main.tex
LaTeX2e <2024-06-01> patch level 2
L3 programming layer <2024-08-30>
(D:\MikTeX\tex/latex/base\article.cls
Document Class: article 2024/02/08 v1.4n Standard LaTeX document class
(D:\MikTeX\tex/latex/base\size10.clo
File: size10.clo 2024/02/08 v1.4n Standard LaTeX file (size option)
)
\c@part=\count194
\c@section=\count195
\c@subsection=\count196
\c@subsubsection=\count197
\c@paragraph=\count198
\c@subparagraph=\count199
\c@figure=\count266
\c@table=\count267
\abovecaptionskip=\skip49
\belowcaptionskip=\skip50
\bibindent=\dimen141
) (D:\MikTeX\tex/latex/cite\cite.sty
LaTeX Info: Redefining \cite on input line 302.
LaTeX Info: Redefining \nocite on input line 332.
Package: cite 2015/02/27  v 5.5
)
(D:\MikTeX\tex/latex/hyperref\hyperref.sty
Package: hyperref 2024-07-10 v7.01j Hypertext links for LaTeX

(D:\MikTeX\tex/generic/iftex\iftex.sty
Package: iftex 2022/02/03 v1.0f TeX engine tests
)
(D:\MikTeX\tex/latex/graphics\keyval.sty
Package: keyval 2022/05/29 v1.15 key=value parser (DPC)
\KV@toks@=\toks17
)
(D:\MikTeX\tex/latex/kvsetkeys\kvsetkeys.sty
Package: kvsetkeys 2022-10-05 v1.19 Key value parser (HO)
)
(D:\MikTeX\tex/generic/kvdefinekeys\kvdefinekeys.sty
Package: kvdefinekeys 2019-12-19 v1.6 Define keys (HO)
)
(D:\MikTeX\tex/generic/pdfescape\pdfescape.sty
Package: pdfescape 2019/12/09 v1.15 Implements pdfTeX's escape features (HO)

(D:\MikTeX\tex/generic/ltxcmds\ltxcmds.sty
Package: ltxcmds 2023-12-04 v1.26 LaTeX kernel commands for general use (HO)
)
(D:\MikTeX\tex/generic/pdftexcmds\pdftexcmds.sty
Package: pdftexcmds 2020-06-27 v0.33 Utility functions of pdfTeX for LuaTeX (HO
)

(D:\MikTeX\tex/generic/infwarerr\infwarerr.sty
Package: infwarerr 2019/12/03 v1.5 Providing info/warning/error messages (HO)
)
Package pdftexcmds Info: \pdf@primitive is available.
Package pdftexcmds Info: \pdf@ifprimitive is available.
Package pdftexcmds Info: \pdfdraftmode found.
))
(D:\MikTeX\tex/latex/hycolor\hycolor.sty
Package: hycolor 2020-01-27 v1.10 Color options for hyperref/bookmark (HO)
)
(D:\MikTeX\tex/latex/hyperref\nameref.sty
Package: nameref 2023-11-26 v2.56 Cross-referencing by name of section

(D:\MikTeX\tex/latex/refcount\refcount.sty
Package: refcount 2019/12/15 v3.6 Data extraction from label references (HO)
)
(D:\MikTeX\tex/generic/gettitlestring\gettitlestring.sty
Package: gettitlestring 2019/12/15 v1.6 Cleanup title references (HO)

(D:\MikTeX\tex/latex/kvoptions\kvoptions.sty
Package: kvoptions 2022-06-15 v3.15 Key value format for package options (HO)
))
\c@section@level=\count268
)
(D:\MikTeX\tex/latex/etoolbox\etoolbox.sty
Package: etoolbox 2020/10/05 v2.5k e-TeX tools for LaTeX (JAW)
\etb@tempcnta=\count269
)
(D:\MikTeX\tex/generic/stringenc\stringenc.sty
Package: stringenc 2019/11/29 v1.12 Convert strings between diff. encodings (HO
)
)
\@linkdim=\dimen142
\Hy@linkcounter=\count270
\Hy@pagecounter=\count271

(D:\MikTeX\tex/latex/hyperref\pd1enc.def
File: pd1enc.def 2024-07-10 v7.01j Hyperref: PDFDocEncoding definition (HO)
Now handling font encoding PD1 ...
... no UTF-8 mapping file for font encoding PD1
)
(D:\MikTeX\tex/generic/intcalc\intcalc.sty
Package: intcalc 2019/12/15 v1.3 Expandable calculations with integers (HO)
)
\Hy@SavedSpaceFactor=\count272

(D:\MikTeX\tex/latex/hyperref\puenc.def
File: puenc.def 2024-07-10 v7.01j Hyperref: PDF Unicode definition (HO)
Now handling font encoding PU ...
... no UTF-8 mapping file for font encoding PU
)
Package hyperref Info: Hyper figures OFF on input line 4157.
Package hyperref Info: Link nesting OFF on input line 4162.
Package hyperref Info: Hyper index ON on input line 4165.
Package hyperref Info: Plain pages OFF on input line 4172.
Package hyperref Info: Backreferencing OFF on input line 4177.
Package hyperref Info: Implicit mode ON; LaTeX internals redefined.
Package hyperref Info: Bookmarks ON on input line 4424.
\c@Hy@tempcnt=\count273
 (D:\MikTeX\tex/latex/url\url.sty
\Urlmuskip=\muskip17
Package: url 2013/09/16  ver 3.4  Verb mode for urls, etc.
)
LaTeX Info: Redefining \url on input line 4763.
\XeTeXLinkMargin=\dimen143

(D:\MikTeX\tex/generic/bitset\bitset.sty
Package: bitset 2019/12/09 v1.3 Handle bit-vector datatype (HO)

(D:\MikTeX\tex/generic/bigintcalc\bigintcalc.sty
Package: bigintcalc 2019/12/15 v1.5 Expandable calculations on big integers (HO
)
))
\Fld@menulength=\count274
\Field@Width=\dimen144
\Fld@charsize=\dimen145
Package hyperref Info: Hyper figures OFF on input line 6042.
Package hyperref Info: Link nesting OFF on input line 6047.
Package hyperref Info: Hyper index ON on input line 6050.
Package hyperref Info: backreferencing OFF on input line 6057.
Package hyperref Info: Link coloring OFF on input line 6062.
Package hyperref Info: Link coloring with OCG OFF on input line 6067.
Package hyperref Info: PDF/A mode OFF on input line 6072.

(D:\MikTeX\tex/latex/base\atbegshi-ltx.sty
Package: atbegshi-ltx 2021/01/10 v1.0c Emulation of the original atbegshi
package with kernel methods
)
\Hy@abspage=\count275
\c@Item=\count276
\c@Hfootnote=\count277
)
Package hyperref Info: Driver (autodetected): hpdftex.

(D:\MikTeX\tex/latex/hyperref\hpdftex.def
File: hpdftex.def 2024-07-10 v7.01j Hyperref driver for pdfTeX

(D:\MikTeX\tex/latex/base\atveryend-ltx.sty
Package: atveryend-ltx 2020/08/19 v1.0a Emulation of the original atveryend pac
kage
with kernel methods
)
\Fld@listcount=\count278
\c@bookmark@seq@number=\count279

(D:\MikTeX\tex/latex/rerunfilecheck\rerunfilecheck.sty
Package: rerunfilecheck 2022-07-10 v1.10 Rerun checks for auxiliary files (HO)

(D:\MikTeX\tex/generic/uniquecounter\uniquecounter.sty
Package: uniquecounter 2019/12/15 v1.4 Provide unlimited unique counter (HO)
)
Package uniquecounter Info: New unique counter `rerunfilecheck' on input line 2
85.
)
\Hy@SectionHShift=\skip51
)
(D:\MikTeX\tex/latex/graphics\graphicx.sty
Package: graphicx 2021/09/16 v1.2d Enhanced LaTeX Graphics (DPC,SPQR)

(D:\MikTeX\tex/latex/graphics\graphics.sty
Package: graphics 2024/05/23 v1.4g Standard LaTeX Graphics (DPC,SPQR)

(D:\MikTeX\tex/latex/graphics\trig.sty
Package: trig 2023/12/02 v1.11 sin cos tan (DPC)
)
(D:\MikTeX\tex/latex/graphics-cfg\graphics.cfg
File: graphics.cfg 2016/06/04 v1.11 sample graphics configuration
)
Package graphics Info: Driver file: pdftex.def on input line 106.

(D:\MikTeX\tex/latex/graphics-def\pdftex.def
File: pdftex.def 2024/04/13 v1.2c Graphics/color driver for pdftex
))
\Gin@req@height=\dimen146
\Gin@req@width=\dimen147
)
(D:\MikTeX\tex/latex/tools\tabularx.sty
Package: tabularx 2023/12/11 v2.12a `tabularx' package (DPC)
 (D:\MikTeX\tex/latex/tools\array.sty
Package: array 2024/06/14 v2.6d Tabular extension package (FMi)
\col@sep=\dimen148
\ar@mcellbox=\box52
\extrarowheight=\dimen149
\NC@list=\toks18
\extratabsurround=\skip52
\backup@length=\skip53
\ar@cellbox=\box53
)
\TX@col@width=\dimen150
\TX@old@table=\dimen151
\TX@old@col=\dimen152
\TX@target=\dimen153
\TX@delta=\dimen154
\TX@cols=\count280
\TX@ftn=\toks19
)
(D:\MikTeX\tex/latex/booktabs\booktabs.sty
Package: booktabs 2020/01/12 v1.61803398 Publication quality tables
\heavyrulewidth=\dimen155
\lightrulewidth=\dimen156
\cmidrulewidth=\dimen157
\belowrulesep=\dimen158
\belowbottomsep=\dimen159
\aboverulesep=\dimen160
\abovetopsep=\dimen161
\cmidrulesep=\dimen162
\cmidrulekern=\dimen163
\defaultaddspace=\dimen164
\@cmidla=\count281
\@cmidlb=\count282
\@aboverulesep=\dimen165
\@belowrulesep=\dimen166
\@thisruleclass=\count283
\@lastruleclass=\count284
\@thisrulewidth=\dimen167
)
(D:\MikTeX\tex/latex/preprint\authblk.sty
Package: authblk 2001/02/27 1.3 (PWD)
\affilsep=\skip54
\@affilsep=\skip55
\c@Maxaffil=\count285
\c@authors=\count286
\c@affil=\count287
)
(D:\MikTeX\tex/latex/abstract\abstract.sty
Package: abstract 2009/06/08 v1.2a configurable abstracts
\abstitleskip=\skip56
\absleftindent=\skip57
\absrightindent=\skip58
\absparindent=\skip59
\absparsep=\skip60
)
(D:\MikTeX\tex/latex/l3backend\l3backend-pdftex.def
File: l3backend-pdftex.def 2024-05-08 L3 backend support: PDF output (pdfTeX)
\l__color_backend_stack_int=\count288
\l__pdf_internal_box=\box54
) (main.aux)
\openout1 = `main.aux'.

LaTeX Font Info:    Checking defaults for OML/cmm/m/it on input line 29.
LaTeX Font Info:    ... okay on input line 29.
LaTeX Font Info:    Checking defaults for OMS/cmsy/m/n on input line 29.
LaTeX Font Info:    ... okay on input line 29.
LaTeX Font Info:    Checking defaults for OT1/cmr/m/n on input line 29.
LaTeX Font Info:    ... okay on input line 29.
LaTeX Font Info:    Checking defaults for T1/cmr/m/n on input line 29.
LaTeX Font Info:    ... okay on input line 29.
LaTeX Font Info:    Checking defaults for TS1/cmr/m/n on input line 29.
LaTeX Font Info:    ... okay on input line 29.
LaTeX Font Info:    Checking defaults for OMX/cmex/m/n on input line 29.
LaTeX Font Info:    ... okay on input line 29.
LaTeX Font Info:    Checking defaults for U/cmr/m/n on input line 29.
LaTeX Font Info:    ... okay on input line 29.
LaTeX Font Info:    Checking defaults for PD1/pdf/m/n on input line 29.
LaTeX Font Info:    ... okay on input line 29.
LaTeX Font Info:    Checking defaults for PU/pdf/m/n on input line 29.
LaTeX Font Info:    ... okay on input line 29.
Package hyperref Info: Link coloring OFF on input line 29.
 (main.out)
(main.out)
\@outlinefile=\write3
\openout3 = `main.out'.

 (D:\MikTeX\tex/context/base/mkii\supp-pdf.mkii
[Loading MPS to PDF converter (version 2006.09.02).]
\scratchcounter=\count289
\scratchdimen=\dimen168
\scratchbox=\box55
\nofMPsegments=\count290
\nofMParguments=\count291
\everyMPshowfont=\toks20
\MPscratchCnt=\count292
\MPscratchDim=\dimen169
\MPnumerator=\count293
\makeMPintoPDFobject=\count294
\everyMPtoPDFconversion=\toks21
) (D:\MikTeX\tex/latex/epstopdf-pkg\epstopdf-base.sty
Package: epstopdf-base 2020-01-24 v2.11 Base part for package epstopdf
Package epstopdf-base Info: Redefining graphics rule for `.eps' on input line 4
85.

(D:\MikTeX\tex/latex/00miktex\epstopdf-sys.cfg
File: epstopdf-sys.cfg 2021/03/18 v2.0 Configuration of epstopdf for MiKTeX
))
LaTeX Font Info:    External font `cmex10' loaded for size
(Font)              <12> on input line 43.
LaTeX Font Info:    External font `cmex10' loaded for size
(Font)              <8> on input line 43.
LaTeX Font Info:    External font `cmex10' loaded for size
(Font)              <6> on input line 43.
LaTeX Font Info:    External font `cmex10' loaded for size
(Font)              <5> on input line 43.

Underfull \hbox (badness 1460) in paragraph at lines 47--48
\OT1/cmr/m/n/10 in-her-ently in-ter-dis-ci-plinary do-main, net-work sci-
 []




Underfull \vbox (badness 10000) has occurred while \output is active []



[1{C:/Users/Amethystium/AppData/Local/MiKTeX/fonts/map/pdftex/pdftex.map}


]

LaTeX Warning: Citation `WOS:000356343600002' on page 2 undefined on input line
 62.


Underfull \hbox (badness 1661) in paragraph at lines 92--92
[]|\OT1/cmr/bx/n/5 Journal of Com-plex Net-
 []


LaTeX Warning: Citation `bibid' on page 2 undefined on input line 96.




Underfull \hbox (badness 1661) in paragraph at lines 106--107
\OT1/cmr/m/n/10 high-light-ing shifts in dom-i-nant themes and
 []


Underfull \hbox (badness 1354) in paragraph at lines 108--109
[]\OT1/cmr/m/n/10 Map col-lab-o-ra-tive net-works, ex-am-in-ing how
 []



[2]
LaTeX Font Info:    External font `cmex10' loaded for size
(Font)              <7> on input line 114.

Underfull \hbox (badness 10000) in paragraph at lines 114--115
[][]$\OT1/cmtt/m/n/10 https : / / www . webofscience . com / wos /
 []


Underfull \hbox (badness 10000) in paragraph at lines 114--115
\OT1/cmtt/m/n/10 woscc / summary / 8b9cb9e7 -[] 5920 -[] 4a8c -[] 8957 -[]
 []


Underfull \hbox (badness 10000) in paragraph at lines 115--116
[][]$\OT1/cmtt/m/n/10 https : / / www . webofscience . com / wos /
 []


Underfull \hbox (badness 10000) in paragraph at lines 115--116
\OT1/cmtt/m/n/10 woscc / summary / b70d5df8 -[] 5cd9 -[] 4064 -[] 8329 -[]
 []


Underfull \hbox (badness 10000) in paragraph at lines 116--117
[][]$\OT1/cmtt/m/n/10 https : / / www . webofscience . com / wos /
 []


Underfull \hbox (badness 10000) in paragraph at lines 116--117
\OT1/cmtt/m/n/10 woscc / summary / cfb2985d -[] 4457 -[] 4214 -[] 85c1 -[]
 []


LaTeX Warning: Citation `Donthu2021' on page 3 undefined on input line 123.




LaTeX Warning: Citation `bibid' on page 3 undefined on input line 128.



pdfTeX warning: pdflatex.exe (file ./images/Record Count Proportion.pdf): PDF i
nclusion: found PDF version <1.6>, but at most version <1.5> allowed
<images/Record Count Proportion.pdf, id=146, 614.05779pt x 384.09445pt>
File: images/Record Count Proportion.pdf Graphic file (type pdf)
<use images/Record Count Proportion.pdf>
Package pdftex.def Info: images/Record Count Proportion.pdf  used on input line
 135.
(pdftex.def)             Requested size: 229.5pt x 143.55447pt.

Underfull \vbox (badness 10000) has occurred while \output is active []



[3]


Underfull \hbox (badness 1189) in paragraph at lines 151--152
\OT1/cmr/m/n/10 Between 2016 and 2022, pub-li-ca-tion ac-tiv-ity in
 []



[4 <./images/Record Count Proportion.pdf>]
<images/Top 30 Authors by Publication Count Across Three Journals.pdf, id=233, 
1084.05pt x 527.35196pt>
File: images/Top 30 Authors by Publication Count Across Three Journals.pdf Grap
hic file (type pdf)
<use images/Top 30 Authors by Publication Count Across Three Journals.pdf>
Package pdftex.def Info: images/Top 30 Authors by Publication Count Across Thre
e Journals.pdf  used on input line 168.
(pdftex.def)             Requested size: 469.0pt x 228.149pt.



Underfull \hbox (badness 1173) in paragraph at lines 184--185
\OT1/cmr/m/n/10 nal's aim to in-flu-ence prac-ti-cal and policy-
 []


Underfull \hbox (badness 2150) in paragraph at lines 185--186
[]\OT1/cmr/bx/n/10 Theoretical and Com-pu-ta-tional Fo-cus:
 []


Underfull \hbox (badness 2689) in paragraph at lines 185--186
\OT1/cmr/m/n/10 Con-versely, au-thors like \OT1/cmr/bx/n/10 Porter MA \OT1/cmr/
m/n/10 and
 []


Underfull \hbox (badness 1701) in paragraph at lines 188--189
\OT1/cmr/m/n/10 The fact that very few au-thors pub-lish across
 []



[5]
Underfull \vbox (badness 10000) has occurred while \output is active []




LaTeX Warning: Citation `Leydesdorff2019' on page 6 undefined on input line 207
.



[6 <./images/Top 30 Authors by Publication Count Across Three Journals.pdf>]


Underfull \hbox (badness 10000) in alignment at lines 286--286
[][][][][][][][][] 
 []



[7]
Underfull \vbox (badness 4328) has occurred while \output is active []




LaTeX Warning: Citation `VanEck2010' on page 8 undefined on input line 303.



[8]

<Social Networks/Gephi/largest_component.pdf, id=421, 426.79132pt x 426.79132pt
>
File: Social Networks/Gephi/largest_component.pdf Graphic file (type pdf)
<use Social Networks/Gephi/largest_component.pdf>
Package pdftex.def Info: Social Networks/Gephi/largest_component.pdf  used on i
nput line 346.
(pdftex.def)             Requested size: 229.5pt x 229.50006pt.


[9 <./Social Networks/Gephi/largest_component.pdf>]
<Social Networks/Gephi/high_degree.pdf, id=17606, 426.79132pt x 426.79132pt>
File: Social Networks/Gephi/high_degree.pdf Graphic file (type pdf)
<use Social Networks/Gephi/high_degree.pdf>
Package pdftex.def Info: Social Networks/Gephi/high_degree.pdf  used on input l
ine 355.
(pdftex.def)             Requested size: 229.5pt x 229.50006pt.

Underfull \vbox (badness 10000) has occurred while \output is active []



<Network Science/Gephi/highly_cited.pdf, id=17609, 426.79132pt x 426.79132pt>
File: Network Science/Gephi/highly_cited.pdf Graphic file (type pdf)
<use Network Science/Gephi/highly_cited.pdf>
Package pdftex.def Info: Network Science/Gephi/highly_cited.pdf  used on input 
line 392.
(pdftex.def)             Requested size: 229.5pt x 229.50006pt.
<Journal of Complex Networks/Gephi/highly_cited.pdf, id=17610, 426.79132pt x 42
6.79132pt>
File: Journal of Complex Networks/Gephi/highly_cited.pdf Graphic file (type pdf
)
<use Journal of Complex Networks/Gephi/highly_cited.pdf>
Package pdftex.def Info: Journal of Complex Networks/Gephi/highly_cited.pdf  us
ed on input line 403.
(pdftex.def)             Requested size: 229.5pt x 229.50006pt.


[10 <./Social Networks/Gephi/high_degree.pdf>]



[11 <./Network Science/Gephi/highly_cited.pdf> <./Journal of Complex Networks/G
ephi/highly_cited.pdf>]
<Journal of Complex Networks/Gephi/largest_component.pdf, id=18847, 426.79132pt
 x 426.79132pt>
File: Journal of Complex Networks/Gephi/largest_component.pdf Graphic file (typ
e pdf)
<use Journal of Complex Networks/Gephi/largest_component.pdf>
Package pdftex.def Info: Journal of Complex Networks/Gephi/largest_component.pd
f  used on input line 414.
(pdftex.def)             Requested size: 229.5pt x 229.50006pt.



Underfull \hbox (badness 1019) in paragraph at lines 432--433
[]\OT1/cmr/m/n/10 The anal-y-sis is con-ducted us-ing \OT1/cmr/bx/n/10 VOSviewe
r,
 []


Underfull \hbox (badness 10000) in paragraph at lines 432--433

 []

<Social Networks/VOS/Co-citation.pdf, id=18850, 3518.33856pt x 2401.4035pt>
File: Social Networks/VOS/Co-citation.pdf Graphic file (type pdf)
<use Social Networks/VOS/Co-citation.pdf>
Package pdftex.def Info: Social Networks/VOS/Co-citation.pdf  used on input lin
e 442.
(pdftex.def)             Requested size: 229.5pt x 156.6097pt.


[12 <./Journal of Complex Networks/Gephi/largest_component.pdf>]
Underfull \hbox (badness 1033) in paragraph at lines 451--452
\OT1/cmr/m/n/10 ex-po-nen-tial ran-dom graph mod-els (ERGMs)
 []



<Network Science/VOS/Co-citation.pdf, id=18866, 3957.93475pt x 2282.5025pt>
File: Network Science/VOS/Co-citation.pdf Graphic file (type pdf)
<use Network Science/VOS/Co-citation.pdf>
Package pdftex.def Info: Network Science/VOS/Co-citation.pdf  used on input lin
e 466.
(pdftex.def)             Requested size: 229.5pt x 132.34692pt.


[13 <./Social Networks/VOS/Co-citation.pdf> <./Network Science/VOS/Co-citation.
pdf>]
<Journal of Complex Networks/VOS/Co-citation.pdf, id=24511, 3175.89417pt x 2470
.73062pt>
File: Journal of Complex Networks/VOS/Co-citation.pdf Graphic file (type pdf)
<use Journal of Complex Networks/VOS/Co-citation.pdf>
Package pdftex.def Info: Journal of Complex Networks/VOS/Co-citation.pdf  used 
on input line 482.
(pdftex.def)             Requested size: 229.5pt x 178.51076pt.



Underfull \hbox (badness 2343) in paragraph at lines 502--503
\OT1/cmr/m/n/10 The co-citation anal-y-sis across the three jour-
 []


Underfull \hbox (badness 2368) in paragraph at lines 505--506
[]\OT1/cmr/bx/n/10 Social Net-works (SN): \OT1/cmr/m/n/10 Ex-hibits a well-
 []



[14 <./Journal of Complex Networks/VOS/Co-citation.pdf>]
Underfull \hbox (badness 1629) in paragraph at lines 509--510
[]\OT1/cmr/bx/n/10 Journal of Com-plex Net-works (JCN):
 []


Underfull \vbox (badness 1783) has occurred while \output is active []



<Social Networks/VOS/co-word.pdf, id=26803, 3433.03477pt x 2759.68442pt>
File: Social Networks/VOS/co-word.pdf Graphic file (type pdf)
<use Social Networks/VOS/co-word.pdf>
Package pdftex.def Info: Social Networks/VOS/co-word.pdf  used on input line 53
8.
(pdftex.def)             Requested size: 150.08344pt x 120.64325pt.
<Network Science/VOS/co-word.pdf, id=26804, 3928.77086pt x 2767.63747pt>
File: Network Science/VOS/co-word.pdf Graphic file (type pdf)
<use Network Science/VOS/co-word.pdf>
Package pdftex.def Info: Network Science/VOS/co-word.pdf  used on input line 54
3.
(pdftex.def)             Requested size: 150.08344pt x 105.70341pt.
<Journal of Complex Networks/VOS/co-word.pdf, id=26805, 3144.07314pt x 2690.758
7pt>
File: Journal of Complex Networks/VOS/co-word.pdf Graphic file (type pdf)
<use Journal of Complex Networks/VOS/co-word.pdf>
Package pdftex.def Info: Journal of Complex Networks/VOS/co-word.pdf  used on i
nput line 548.
(pdftex.def)             Requested size: 150.08344pt x 128.42822pt.


[15]


Underfull \hbox (badness 10000) in paragraph at lines 592--592
[]|\OT1/cmr/bx/n/7 Top De-gree
 []


Underfull \hbox (badness 1142) in paragraph at lines 592--592
[]|\OT1/cmr/bx/n/7 Top Cen-tral-ity
 []


Underfull \hbox (badness 2884) in paragraph at lines 592--592
[]|\OT1/cmr/m/n/7 Robins G, 2007
 []


Underfull \hbox (badness 2884) in paragraph at lines 592--592
[]|\OT1/cmr/m/n/7 Robins G, 2007
 []


Underfull \hbox (badness 2884) in paragraph at lines 592--592
[]|\OT1/cmr/m/n/7 Robins G, 2007
 []


Underfull \hbox (badness 1014) in paragraph at lines 592--592
[]|\OT1/cmr/m/n/7 BURT RS, 1980
 []


Underfull \hbox (badness 1014) in paragraph at lines 592--592
[]|\OT1/cmr/m/n/7 BURT RS, 1980
 []


Underfull \hbox (badness 1014) in paragraph at lines 592--592
[]|\OT1/cmr/m/n/7 BURT RS, 1980
 []


Underfull \hbox (badness 2884) in paragraph at lines 592--592
[]|\OT1/cmr/m/n/7 Robins G, 2007
 []


Underfull \hbox (badness 2884) in paragraph at lines 592--592
[]|\OT1/cmr/m/n/7 Robins G, 2007
 []


Underfull \hbox (badness 2884) in paragraph at lines 592--592
[]|\OT1/cmr/m/n/7 Robins G, 2007
 []


Underfull \hbox (badness 6559) in paragraph at lines 592--592
[]|\OT1/cmr/m/n/7 Amati V, 2019
 []


Underfull \hbox (badness 10000) in paragraph at lines 592--592
\OT1/cmr/m/n/7 (SOC NET-
 []


Underfull \hbox (badness 10000) in paragraph at lines 592--592
\OT1/cmr/m/n/7 WORKS, V57,
 []


Underfull \hbox (badness 10000) in paragraph at lines 592--592
[]|\OT1/cmr/m/n/7 Block P, 2015
 []


Underfull \hbox (badness 10000) in paragraph at lines 592--592
[]|\OT1/cmr/m/n/7 Fortunato S,
 []


Underfull \hbox (badness 10000) in paragraph at lines 592--592
\OT1/cmr/m/n/7 2010 (PHYS
 []


Underfull \hbox (badness 10000) in paragraph at lines 592--592
[]|\OT1/cmr/m/n/7 Valente TW,
 []


Underfull \hbox (badness 10000) in paragraph at lines 592--592
[]|\OT1/cmr/m/n/7 Snijders TAB,
 []


Underfull \hbox (badness 10000) in paragraph at lines 592--592
[]|\OT1/cmr/m/n/7 Block P, 2015
 []


Underfull \hbox (badness 10000) in paragraph at lines 592--592
\OT1/cmr/m/n/7 (SOC NET-
 []


Underfull \hbox (badness 10000) in paragraph at lines 592--592
\OT1/cmr/m/n/7 WORKS, V40,
 []


Underfull \hbox (badness 10000) in paragraph at lines 592--592
[]|\OT1/cmr/m/n/7 Offer S, 2018
 []


Underfull \hbox (badness 10000) in paragraph at lines 592--592
\OT1/cmr/m/n/7 (AM SO-CIOL
 []


Underfull \hbox (badness 6559) in paragraph at lines 592--592
[]|\OT1/cmr/m/n/7 Amati V, 2019
 []


Underfull \hbox (badness 10000) in paragraph at lines 592--592
\OT1/cmr/m/n/7 (SOC NET-
 []


Underfull \hbox (badness 10000) in paragraph at lines 592--592
\OT1/cmr/m/n/7 WORKS, V57,
 []


Underfull \hbox (badness 10000) in paragraph at lines 592--592
[]|\OT1/cmr/m/n/7 Snijders TAB,
 []


Underfull \hbox (badness 10000) in paragraph at lines 592--592
\OT1/cmr/m/n/7 2017 (ANNU
 []


Underfull \hbox (badness 10000) in paragraph at lines 592--592
\OT1/cmr/m/n/7 REV STAT
 []


Underfull \hbox (badness 6559) in paragraph at lines 592--592
[]|\OT1/cmr/m/n/7 Amati V, 2019
 []


Underfull \hbox (badness 10000) in paragraph at lines 592--592
\OT1/cmr/m/n/7 (SOC NET-
 []


Underfull \hbox (badness 10000) in paragraph at lines 592--592
\OT1/cmr/m/n/7 WORKS, V57,
 []


Underfull \hbox (badness 10000) in paragraph at lines 592--592
[]|\OT1/cmr/m/n/7 Block P, 2015
 []


Underfull \hbox (badness 10000) in paragraph at lines 592--592
\OT1/cmr/m/n/7 (SOC NET-
 []


Underfull \hbox (badness 10000) in paragraph at lines 592--592
\OT1/cmr/m/n/7 WORKS, V40,
 []


Underfull \hbox (badness 10000) in paragraph at lines 592--592
[]|\OT1/cmr/m/n/7 Fortunato S,
 []


Underfull \hbox (badness 10000) in paragraph at lines 592--592
\OT1/cmr/m/n/7 2010 (PHYS
 []


Underfull \hbox (badness 10000) in paragraph at lines 592--592
[]|\OT1/cmr/m/n/7 Valente TW,
 []


Underfull \hbox (badness 10000) in paragraph at lines 592--592
[]|\OT1/cmr/m/n/7 Snijders TAB,
 []


Underfull \hbox (badness 10000) in paragraph at lines 592--592
[]|\OT1/cmr/m/n/7 Block P, 2015
 []


Underfull \hbox (badness 10000) in paragraph at lines 592--592
\OT1/cmr/m/n/7 (SOC NET-
 []


Underfull \hbox (badness 10000) in paragraph at lines 592--592
\OT1/cmr/m/n/7 WORKS, V40,
 []


Underfull \hbox (badness 10000) in paragraph at lines 592--592
[]|\OT1/cmr/m/n/7 Offer S, 2018
 []


Underfull \hbox (badness 10000) in paragraph at lines 592--592
\OT1/cmr/m/n/7 (AM SO-CIOL
 []


Underfull \hbox (badness 6559) in paragraph at lines 592--592
[]|\OT1/cmr/m/n/7 Amati V, 2019
 []


Underfull \hbox (badness 10000) in paragraph at lines 592--592
\OT1/cmr/m/n/7 (SOC NET-
 []


Underfull \hbox (badness 10000) in paragraph at lines 592--592
\OT1/cmr/m/n/7 WORKS, V57,
 []


Underfull \hbox (badness 10000) in paragraph at lines 592--592
[]|\OT1/cmr/m/n/7 Snijders TAB,
 []


Underfull \hbox (badness 10000) in paragraph at lines 592--592
\OT1/cmr/m/n/7 2017 (ANNU
 []


Underfull \hbox (badness 10000) in paragraph at lines 592--592
\OT1/cmr/m/n/7 REV STAT
 []



[16 <./Social Networks/VOS/co-word.pdf> <./Network Science/VOS/co-word.pdf> <./
Journal of Complex Networks/VOS/co-word.pdf>] [17]
Underfull \vbox (badness 10000) has occurred while \output is active []



(main.bbl
Underfull \hbox (badness 1389) in paragraph at lines 4--7
[]\OT1/cmr/m/n/10 Aria, M. and Cuc-cu-
 []


Underfull \hbox (badness 1990) in paragraph at lines 14--17
[]\OT1/cmr/m/n/10 Barab^^Sasi, A.-L. (2009).  Scale-
 []


Underfull \hbox (badness 10000) in paragraph at lines 34--38
[]\OT1/cmr/m/n/10 Barab^^Sasi, Albert-
 []


Underfull \hbox (badness 1270) in paragraph at lines 52--55
\OT1/cmr/m/n/10 Moreno, Y., Chavez, M., and Hwang, D.-U.
 []



[18]
Underfull \hbox (badness 6741) in paragraph at lines 67--71
[]\OT1/cmr/m/n/10 Bornmann, L. and
 []


Underfull \hbox (badness 1259) in paragraph at lines 73--77
[]\OT1/cmr/m/n/10 B^^?orner, K., Sanyal, S., and
 []


Underfull \hbox (badness 4013) in paragraph at lines 79--83
[]\OT1/cmr/m/n/10 Callon, M., Cour-tial, J.-P.,
 []


Underfull \hbox (badness 4013) in paragraph at lines 85--89
[]\OT1/cmr/m/n/10 Callon, M., Cour-tial, J.-P.,
 []


Underfull \hbox (badness 10000) in paragraph at lines 91--95
[]\OT1/cmr/m/n/10 Caroline
 []




Underfull \hbox (badness 10000) in paragraph at lines 131--134
[]\OT1/cmr/m/n/10 Donthu, N., Ku-mar, S.,
 []


Underfull \hbox (badness 1337) in paragraph at lines 131--134
\OT1/cmr/m/n/10 How to con-duct a bib-lio-met-ric anal-y-sis: An
 []


Underfull \hbox (badness 2050) in paragraph at lines 141--146
[]\OT1/cmr/m/n/10 Fortunato, S., Bergstrom,
 []



[19]
Underfull \hbox (badness 1466) in paragraph at lines 176--179
\OT1/cmr/m/n/10 meth-ods for de-tect-ing and an-a-lyz-ing re-search
 []


Underfull \hbox (badness 10000) in paragraph at lines 199--202
[]\OT1/cmr/m/n/10 Katy B^^?orner,
 []


Underfull \hbox (badness 10000) in paragraph at lines 204--208
[]\OT1/cmr/m/n/10 Katy B^^?orner, Chen-
 []




Underfull \hbox (badness 1831) in paragraph at lines 228--232
\OT1/cmr/m/n/10 Mea-sur-ing jour-nal per-for-mance for mul-ti-dis-ci-
 []



[20]
Underfull \hbox (badness 5217) in paragraph at lines 351--355
[]\OT1/cmr/m/n/10 Robins, Garry, P. P.
 []




Underfull \hbox (badness 1622) in paragraph at lines 371--374
[]\OT1/cmr/m/n/10 Stefano Boc-
 []



[21])



[22

] (main.aux)
 ***********
LaTeX2e <2024-06-01> patch level 2
L3 programming layer <2024-08-30>
 ***********


LaTeX Warning: There were undefined references.

Package rerunfilecheck Info: File `main.out' has not changed.
(rerunfilecheck)             Checksum: F4344F654D13965F67016ECC5308DA0F;1878.
 ) 
Here is how much of TeX's memory you used:
 9302 strings out of 473899
 145371 string characters out of 5742897
 558286 words of memory out of 5000000
 31928 multiletter control sequences out of 15000+600000
 566077 words of font info for 62 fonts, out of 8000000 for 9000
 1141 hyphenation exceptions out of 8191
 75i,11n,79p,949b,540s stack positions out of 10000i,1000n,20000p,200000b,200000s
 <C:\Users\Amethystium\AppData\Local\MiKTeX\fonts/pk/ljfour/jknappen/ec/dpi60
0\tcrm1000.pk> <C:\Users\Amethystium\AppData\Local\MiKTeX\fonts/pk/ljfour/jknap
pen/ec/dpi600\tcrm0800.pk><D:/MikTeX/fonts/type1/public/amsfonts/cm/cmbx10.pfb>
<D:/MikTeX/fonts/type1/public/amsfonts/cm/cmbx12.pfb><D:/MikTeX/fonts/type1/pub
lic/amsfonts/cm/cmbx5.pfb><D:/MikTeX/fonts/type1/public/amsfonts/cm/cmbx7.pfb><
D:/MikTeX/fonts/type1/public/amsfonts/cm/cmbx9.pfb><D:/MikTeX/fonts/type1/publi
c/amsfonts/cm/cmr10.pfb><D:/MikTeX/fonts/type1/public/amsfonts/cm/cmr12.pfb><D:
/MikTeX/fonts/type1/public/amsfonts/cm/cmr5.pfb><D:/MikTeX/fonts/type1/public/a
msfonts/cm/cmr7.pfb><D:/MikTeX/fonts/type1/public/amsfonts/cm/cmr9.pfb><D:/MikT
eX/fonts/type1/public/amsfonts/cm/cmti10.pfb><D:/MikTeX/fonts/type1/public/amsf
onts/cm/cmti7.pfb><D:/MikTeX/fonts/type1/public/amsfonts/cm/cmti9.pfb><D:/MikTe
X/fonts/type1/public/amsfonts/cm/cmtt10.pfb>
Output written on main.pdf (22 pages, 5467081 bytes).
PDF statistics:
 26992 PDF objects out of 31911 (max. 8388607)
 147 named destinations out of 1000 (max. 500000)
 154 words of extra memory for PDF output out of 10000 (max. 10000000)

