^ 124 : 17 5.9924 168.25 5.9924 (1993 - 2009)
^ 126 : 9 6.0091 168.25 6.0091 (1992 - 2000)
^ 165 : 4 6.0079 118.76470588235294 6.0079 (2020 - 2023)
^ 187 : 3 4.2016 65.12903225806451 4.2016 (2005 - 2007)
^ 205 : 9 7.4556 74.77777777777777 7.4556 (2010 - 2018)
^ 218 : 3 3.9083 288.42857142857144 3.9083 (2011 - 2013)
^ 222 : 7 5.5709 134.6 5.5709 (2020 - )
^ 27 : 4 6.0465 49.24390243902439 6.0465 (2020 - 2023)
^ 295 : 10 4.0334 288.42857142857144 4.0334 (1999 - 2008)
^ 298 : 11 6.9289 126.1875 6.9289 (2003 - 2013)
^ 34 : 2 8.1634 134.6 8.1634 (2021 - 2022)
^ 351 : 4 5.0452 183.54545454545453 5.0452 (2015 - 2018)
^ 359 : 17 4.3833 106.26315789473684 4.3833 (1991 - 2007)
^ 386 : 8 5.3425 126.1875 5.3425 (2019 - )
^ 393 : 6 4.5816 144.21428571428572 4.5816 (2011 - 2016)
^ 396 : 6 6.0501 72.10714285714286 6.0501 (2021 - )
^ 48 : 6 5.5959 100.95 5.5959 (2013 - 2018)
^ 493 : 10 5.7745 168.25 5.7745 (2003 - 2012)
^ 527 : 6 4.4505 39.588235294117645 4.4505 (2021 - )
^ 550 : 3 3.94 106.26315789473684 3.94 (2019 - 2021)
^ 573 : 11 4.8896 17.86725663716814 4.8896 (1998 - 2008)
^ 597 : 7 5.2692 65.12903225806451 5.2692 (2020 - )
^ 607 : 7 7.152 38.094339622641506 7.152 (2011 - 2017)
^ 620 : 2 4.4353 168.25 4.4353 (2021 - 2022)
^ 651 : 9 3.9325 100.95 3.9325 (2003 - 2011)
