^ 124 : 17 5.9993 168.75 5.9993 (1993 - 2009)
^ 126 : 9 6.0118 168.75 6.0118 (1992 - 2000)
^ 165 : 4 6.021 119.11764705882354 6.021 (2020 - 2023)
^ 187 : 3 4.2056 65.3225806451613 4.2056 (2005 - 2007)
^ 205 : 9 7.4893 75.0 7.4893 (2010 - 2018)
^ 218 : 3 3.9111 289.2857142857143 3.9111 (2011 - 2013)
^ 222 : 7 5.5853 135.0 5.5853 (2020 - )
^ 27 : 4 6.0783 49.390243902439025 6.0783 (2020 - 2023)
^ 295 : 10 4.0358 289.2857142857143 4.0358 (1999 - 2008)
^ 298 : 11 6.9413 126.5625 6.9413 (2003 - 2013)
^ 34 : 2 8.17 135.0 8.17 (2021 - 2022)
^ 351 : 4 5.0529 184.0909090909091 5.0529 (2015 - 2018)
^ 359 : 17 4.393 106.57894736842105 4.393 (1991 - 2007)
^ 386 : 8 5.3596 126.5625 5.3596 (2019 - )
^ 393 : 6 4.5928 144.64285714285714 4.5928 (2011 - 2016)
^ 396 : 6 6.0735 72.32142857142857 6.0735 (2021 - )
^ 48 : 6 5.6143 101.25 5.6143 (2013 - 2018)
^ 493 : 10 5.7821 168.75 5.7821 (2003 - 2012)
^ 527 : 6 4.4936 39.705882352941174 4.4936 (2021 - )
^ 550 : 3 3.9469 106.57894736842105 3.9469 (2019 - 2021)
^ 573 : 11 4.9345 17.920353982300885 4.9345 (1998 - 2008)
^ 597 : 7 5.2991 65.3225806451613 5.2991 (2020 - )
^ 607 : 7 7.2016 38.20754716981132 7.2016 (2011 - 2017)
^ 620 : 2 4.4407 168.75 4.4407 (2021 - 2022)
^ 651 : 9 3.9414 101.25 3.9414 (2003 - 2011)
